  Function.cpp
  NekoMemory.cpp
C:\Users\Administrator\Desktop\cs2-External-Hack\NekoMemory.cpp(17,43): warning C4311: “类型强制转换”: 从“BYTE *”到“DWORD”的指针截断
C:\Users\Administrator\Desktop\cs2-External-Hack\NekoMemory.cpp(17,43): warning C4302: “类型强制转换”: 从“BYTE *”到“DWORD”截断
C:\Users\Administrator\Desktop\cs2-External-Hack\NekoMemory.cpp(56,41): warning C4312: “类型强制转换”: 从“unsigned long”转换到更大的“LPCVOID”
C:\Users\Administrator\Desktop\cs2-External-Hack\NekoMemory.cpp(63,45): warning C4312: “类型强制转换”: 从“unsigned long”转换到更大的“LPCVOID”
C:\Users\Administrator\Desktop\cs2-External-Hack\NekoMemory.cpp(79,41): warning C4312: “类型强制转换”: 从“DWORD”转换到更大的“LPCVOID”
  main.cpp
C:\Users\Administrator\Desktop\cs2-External-Hack\main.cpp(89,15): warning C4244: “初始化”: 从“double”转换到“float”，可能丢失数据
C:\Users\Administrator\Desktop\cs2-External-Hack\main.cpp(94,17): warning C4244: “初始化”: 从“double”转换到“float”，可能丢失数据
C:\Users\Administrator\Desktop\cs2-External-Hack\main.cpp(188,41): warning C4244: “参数”: 从“double”转换到“float”，可能丢失数据
C:\Users\Administrator\Desktop\cs2-External-Hack\main.cpp(189,41): warning C4244: “参数”: 从“double”转换到“float”，可能丢失数据
C:\Users\Administrator\Desktop\cs2-External-Hack\main.cpp(262,9): warning C4002: 类函数宏的调用“READ”参数过多
C:\Users\Administrator\Desktop\cs2-External-Hack\main.cpp(292,79): warning C4244: “参数”: 从“double”转换到“int”，可能丢失数据
C:\Users\Administrator\Desktop\cs2-External-Hack\main.cpp(363,86): warning C4244: “参数”: 从“int”转换到“const FLOAT”，可能丢失数据
C:\Users\Administrator\Desktop\cs2-External-Hack\main.cpp(363,79): warning C4244: “参数”: 从“int”转换到“const FLOAT”，可能丢失数据
C:\Users\Administrator\Desktop\cs2-External-Hack\main.cpp(365,85): warning C4244: “参数”: 从“int”转换到“const FLOAT”，可能丢失数据
C:\Users\Administrator\Desktop\cs2-External-Hack\main.cpp(365,78): warning C4244: “参数”: 从“int”转换到“const FLOAT”，可能丢失数据
C:\Users\Administrator\Desktop\cs2-External-Hack\main.cpp(368,53): warning C4244: “参数”: 从“float”转换到“int”，可能丢失数据
C:\Users\Administrator\Desktop\cs2-External-Hack\main.cpp(371,68): warning C4244: “参数”: 从“float”转换到“int”，可能丢失数据
C:\Users\Administrator\Desktop\cs2-External-Hack\main.cpp(372,65): warning C4244: “参数”: 从“float”转换到“int”，可能丢失数据
C:\Users\Administrator\Desktop\cs2-External-Hack\main.cpp(374,59): warning C4244: “参数”: 从“float”转换到“int”，可能丢失数据
C:\Users\Administrator\Desktop\cs2-External-Hack\main.cpp(375,59): warning C4244: “参数”: 从“float”转换到“int”，可能丢失数据
C:\Users\Administrator\Desktop\cs2-External-Hack\main.cpp(363,94): warning C4390: “;”: 找到空的受控语句；这是否是有意的?
C:\Users\Administrator\Desktop\cs2-External-Hack\main.cpp(365,93): warning C4390: “;”: 找到空的受控语句；这是否是有意的?
  Vector.cpp
  正在生成代码
  Previous IPDB not found, fall back to full compilation.
  All 224 functions were compiled because no usable IPDB/IOBJ from previous compilation was found.
  已完成代码的生成
  cs2-External-Hack.vcxproj -> C:\Users\Administrator\Desktop\cs2-External-Hack\x64\Release\cs2-External-ESP.exe
